[2018-12-18 12:45:51.459] [exthost] [info] extension host started
[2018-12-18 12:45:51.529] [exthost] [info] ExtensionService#_doActivateExtension vscode.debug-auto-launch {"startup":true,"activationEvent":"*"}
[2018-12-18 12:45:51.530] [exthost] [info] ExtensionService#loadCommonJSModule /opt/visual-studio-code/resources/app/extensions/debug-auto-launch/dist/extension
[2018-12-18 12:45:52.247] [exthost] [info] ExtensionService#_doActivateExtension vscode.emmet {"startup":true,"activationEvent":"*"}
[2018-12-18 12:45:52.247] [exthost] [info] ExtensionService#loadCommonJSModule /opt/visual-studio-code/resources/app/extensions/emmet/dist/extension
[2018-12-18 12:45:52.326] [exthost] [info] ExtensionService#_doActivateExtension vscode.git {"startup":true,"activationEvent":"*"}
[2018-12-18 12:45:52.326] [exthost] [info] ExtensionService#loadCommonJSModule /opt/visual-studio-code/resources/app/extensions/git/dist/main
[2018-12-18 12:45:52.940] [exthost] [info] ExtensionService#_doActivateExtension vscode.merge-conflict {"startup":true,"activationEvent":"*"}
[2018-12-18 12:45:52.940] [exthost] [info] ExtensionService#loadCommonJSModule /opt/visual-studio-code/resources/app/extensions/merge-conflict/dist/extension
[2018-12-18 12:45:52.978] [exthost] [info] ExtensionService#_doActivateExtension formulahendry.terminal {"startup":true,"activationEvent":"*"}
[2018-12-18 12:45:52.979] [exthost] [info] ExtensionService#loadCommonJSModule /home/calebe94/.vscode/extensions/formulahendry.terminal-0.0.10/out/src/extension
[2018-12-18 12:45:53.063] [exthost] [info] ExtensionService#_doActivateExtension ms-vscode.cpptools {"startup":true,"activationEvent":"*"}
[2018-12-18 12:45:53.063] [exthost] [info] ExtensionService#loadCommonJSModule /home/calebe94/.vscode/extensions/ms-vscode.cpptools-0.20.1/out/src/main
[2018-12-18 12:45:55.328] [exthost] [info] ExtensionService#_doActivateExtension vscode.extension-editing {"startup":false,"activationEvent":"onLanguage:markdown"}
[2018-12-18 12:45:55.328] [exthost] [info] ExtensionService#loadCommonJSModule /opt/visual-studio-code/resources/app/extensions/extension-editing/dist/extension
[2018-12-18 12:45:55.576] [exthost] [info] ExtensionService#_doActivateExtension vscode.markdown-language-features {"startup":false,"activationEvent":"onLanguage:markdown"}
[2018-12-18 12:45:55.576] [exthost] [info] ExtensionService#loadCommonJSModule /opt/visual-studio-code/resources/app/extensions/markdown-language-features/dist/extension
[2018-12-18 12:45:55.815] [exthost] [info] ExtensionService#_doActivateExtension shd101wyy.markdown-preview-enhanced {"startup":false,"activationEvent":"onLanguage:markdown"}
[2018-12-18 12:45:55.815] [exthost] [info] ExtensionService#loadCommonJSModule /home/calebe94/.vscode/extensions/shd101wyy.markdown-preview-enhanced-0.3.11/out/src/extension
[2018-12-18 12:46:04.067] [exthost] [info] eager extensions activated
[2018-12-18 12:46:04.100] [exthost] [info] ExtensionService#_doActivateExtension platformio.platformio-ide {"startup":true,"activationEvent":"*"}
[2018-12-18 12:46:04.100] [exthost] [info] ExtensionService#loadCommonJSModule /home/calebe94/.vscode/extensions/platformio.platformio-ide-1.6.0/dist/extension
[2018-12-18 12:55:36.053] [exthost] [info] ExtensionService#_doActivateExtension vscode.configuration-editing {"startup":false,"activationEvent":"onLanguage:json"}
[2018-12-18 12:55:36.053] [exthost] [info] ExtensionService#loadCommonJSModule /opt/visual-studio-code/resources/app/extensions/configuration-editing/dist/extension
[2018-12-18 12:55:36.136] [exthost] [info] ExtensionService#_doActivateExtension vscode.json-language-features {"startup":false,"activationEvent":"onLanguage:json"}
[2018-12-18 12:55:36.136] [exthost] [info] ExtensionService#loadCommonJSModule /opt/visual-studio-code/resources/app/extensions/json-language-features/client/dist/jsonMain
[2018-12-18 12:55:36.357] [exthost] [info] ExtensionService#_doActivateExtension vscode.npm {"startup":false,"activationEvent":"onLanguage:json"}
[2018-12-18 12:55:36.357] [exthost] [info] ExtensionService#loadCommonJSModule /opt/visual-studio-code/resources/app/extensions/npm/dist/main
