Looking for git in: git
Using git 2.19.2 from git
> git rev-parse --show-toplevel
> git config --get commit.template
Open repository: /home/calebe94/Projects/IDS_Dashboard
> git status -z -u
> git symbolic-ref --short HEAD
> git rev-parse aquario
> git rev-parse --symbolic-full-name aquario@{u}
fatal: no upstream configured for branch 'aquario'
> git for-each-ref --format %(refname) %(objectname) --sort -committerdate
> git remote --verbose
> git rev-parse --show-toplevel
> git config --get commit.template
Open repository: /home/calebe94/Projects/IDS_Dashboard/DashboardService
> git status -z -u
> git symbolic-ref --short HEAD
fatal: ref HEAD is not a symbolic ref
> git rev-parse HEAD
> git for-each-ref --format %(refname) %(objectname) --sort -committerdate
> git remote --verbose
> git check-ignore -z --stdin
> git check-ignore -z --stdin
> git check-ignore -z --stdin
> git show :src/App.vue
> git check-ignore -z --stdin
> git show :src/views/Home.vue
