[2018-12-18 08:07:49.808] [sharedprocess] [info] main {"machineId":"0b53fe3d36686d47df281fc9191c0411dc07b6365bf553a3a2db317f55dd76b3"}
[2018-12-18 08:07:50.574] [sharedprocess] [info] Scanned user extensions: 6
[2018-12-18 08:07:52.361] [sharedprocess] [info] Deleted from disk ms-python.python-2018.12.0
[2018-12-18 08:07:52.473] [sharedprocess] [info] Scanned system extensions: 71
[2018-12-18 08:08:11.596] [sharedprocess] [info] Scanned user extensions: 6
[2018-12-18 08:08:11.656] [sharedprocess] [info] Scanned system extensions: 71
[2018-12-18 08:08:13.174] [sharedprocess] [info] Scanned user extensions: 6
[2018-12-18 08:08:13.314] [sharedprocess] [info] Scanned user extensions: 6
[2018-12-18 08:08:29.816] [sharedprocess] [info] Starting to clean up unused language packs.
[2018-12-18 08:12:18.901] [sharedprocess] [info] Scanned user extensions: 6
[2018-12-18 08:13:13.222] [sharedprocess] [info] Scanned user extensions: 6
[2018-12-18 08:18:13.261] [sharedprocess] [info] Scanned user extensions: 6
[2018-12-18 08:23:13.291] [sharedprocess] [info] Scanned user extensions: 6
[2018-12-18 08:25:45.861] [sharedprocess] [info] Scanned user extensions: 6
[2018-12-18 08:25:45.970] [sharedprocess] [info] Scanned system extensions: 71
[2018-12-18 08:28:13.325] [sharedprocess] [info] Scanned user extensions: 6
[2018-12-18 08:33:13.361] [sharedprocess] [info] Scanned user extensions: 6
[2018-12-18 08:38:13.395] [sharedprocess] [info] Scanned user extensions: 6
[2018-12-18 08:43:13.429] [sharedprocess] [info] Scanned user extensions: 6
[2018-12-18 08:48:13.463] [sharedprocess] [info] Scanned user extensions: 6
[2018-12-18 08:53:13.501] [sharedprocess] [info] Scanned user extensions: 6
[2018-12-18 08:58:13.533] [sharedprocess] [info] Scanned user extensions: 6
[2018-12-18 09:03:13.572] [sharedprocess] [info] Scanned user extensions: 6
[2018-12-18 09:04:37.476] [sharedprocess] [info] Scanned user extensions: 6
[2018-12-18 09:04:37.517] [sharedprocess] [info] Scanned system extensions: 71
[2018-12-18 09:08:13.786] [sharedprocess] [info] Scanned user extensions: 6
[2018-12-18 09:13:13.820] [sharedprocess] [info] Scanned user extensions: 6
[2018-12-18 09:16:20.575] [sharedprocess] [info] Scanned user extensions: 6
[2018-12-18 09:16:20.619] [sharedprocess] [info] Scanned system extensions: 71
[2018-12-18 09:18:13.856] [sharedprocess] [info] Scanned user extensions: 6
[2018-12-18 09:23:13.895] [sharedprocess] [info] Scanned user extensions: 6
[2018-12-18 09:28:13.933] [sharedprocess] [info] Scanned user extensions: 6
[2018-12-18 09:33:13.962] [sharedprocess] [info] Scanned user extensions: 6
[2018-12-18 09:38:13.989] [sharedprocess] [info] Scanned user extensions: 6
[2018-12-18 09:43:14.023] [sharedprocess] [info] Scanned user extensions: 6
[2018-12-18 09:48:14.057] [sharedprocess] [info] Scanned user extensions: 6
[2018-12-18 09:53:14.093] [sharedprocess] [info] Scanned user extensions: 6
[2018-12-18 09:58:14.132] [sharedprocess] [info] Scanned user extensions: 6
[2018-12-18 10:03:14.166] [sharedprocess] [info] Scanned user extensions: 6
[2018-12-18 10:08:14.366] [sharedprocess] [info] Scanned user extensions: 6
[2018-12-18 10:13:14.405] [sharedprocess] [info] Scanned user extensions: 6
[2018-12-18 10:18:14.438] [sharedprocess] [info] Scanned user extensions: 6
[2018-12-18 10:23:14.472] [sharedprocess] [info] Scanned user extensions: 6
[2018-12-18 10:28:14.509] [sharedprocess] [info] Scanned user extensions: 6
[2018-12-18 10:33:14.544] [sharedprocess] [info] Scanned user extensions: 6
[2018-12-18 10:38:14.581] [sharedprocess] [info] Scanned user extensions: 6
[2018-12-18 10:43:14.611] [sharedprocess] [info] Scanned user extensions: 6
[2018-12-18 10:48:14.646] [sharedprocess] [info] Scanned user extensions: 6
[2018-12-18 10:53:14.676] [sharedprocess] [info] Scanned user extensions: 6
[2018-12-18 10:58:14.706] [sharedprocess] [info] Scanned user extensions: 6
[2018-12-18 11:03:14.741] [sharedprocess] [info] Scanned user extensions: 6
[2018-12-18 11:08:14.944] [sharedprocess] [info] Scanned user extensions: 6
[2018-12-18 11:13:14.969] [sharedprocess] [info] Scanned user extensions: 6
[2018-12-18 11:18:14.998] [sharedprocess] [info] Scanned user extensions: 6
[2018-12-18 11:23:15.029] [sharedprocess] [info] Scanned user extensions: 6
[2018-12-18 11:28:15.065] [sharedprocess] [info] Scanned user extensions: 6
[2018-12-18 11:33:15.101] [sharedprocess] [info] Scanned user extensions: 6
[2018-12-18 11:38:15.131] [sharedprocess] [info] Scanned user extensions: 6
[2018-12-18 11:43:15.159] [sharedprocess] [info] Scanned user extensions: 6
[2018-12-18 11:48:15.191] [sharedprocess] [info] Scanned user extensions: 6
[2018-12-18 11:53:15.218] [sharedprocess] [info] Scanned user extensions: 6
[2018-12-18 11:58:15.244] [sharedprocess] [info] Scanned user extensions: 6
[2018-12-18 12:03:15.275] [sharedprocess] [info] Scanned user extensions: 6
