[2018-12-20 08:20:25.890] [exthost] [info] extension host started
[2018-12-20 08:20:25.927] [exthost] [info] ExtensionService#_doActivateExtension vscode.debug-auto-launch {"startup":true,"activationEvent":"*"}
[2018-12-20 08:20:25.927] [exthost] [info] ExtensionService#loadCommonJSModule /opt/visual-studio-code/resources/app/extensions/debug-auto-launch/dist/extension
[2018-12-20 08:20:25.966] [exthost] [info] ExtensionService#_doActivateExtension vscode.emmet {"startup":true,"activationEvent":"*"}
[2018-12-20 08:20:25.966] [exthost] [info] ExtensionService#loadCommonJSModule /opt/visual-studio-code/resources/app/extensions/emmet/dist/extension
[2018-12-20 08:20:25.994] [exthost] [info] ExtensionService#_doActivateExtension vscode.git {"startup":true,"activationEvent":"*"}
[2018-12-20 08:20:25.994] [exthost] [info] ExtensionService#loadCommonJSModule /opt/visual-studio-code/resources/app/extensions/git/dist/main
[2018-12-20 08:20:26.339] [exthost] [info] ExtensionService#_doActivateExtension vscode.merge-conflict {"startup":true,"activationEvent":"*"}
[2018-12-20 08:20:26.339] [exthost] [info] ExtensionService#loadCommonJSModule /opt/visual-studio-code/resources/app/extensions/merge-conflict/dist/extension
[2018-12-20 08:20:26.398] [exthost] [info] ExtensionService#_doActivateExtension formulahendry.terminal {"startup":true,"activationEvent":"*"}
[2018-12-20 08:20:26.398] [exthost] [info] ExtensionService#loadCommonJSModule /home/calebe94/.vscode/extensions/formulahendry.terminal-0.0.10/out/src/extension
[2018-12-20 08:20:26.485] [exthost] [info] ExtensionService#_doActivateExtension ms-vscode.cpptools {"startup":true,"activationEvent":"*"}
[2018-12-20 08:20:26.485] [exthost] [info] ExtensionService#loadCommonJSModule /home/calebe94/.vscode/extensions/ms-vscode.cpptools-0.20.1/out/src/main
[2018-12-20 08:20:28.162] [exthost] [info] ExtensionService#_doActivateExtension vscode.extension-editing {"startup":false,"activationEvent":"onLanguage:markdown"}
[2018-12-20 08:20:28.162] [exthost] [info] ExtensionService#loadCommonJSModule /opt/visual-studio-code/resources/app/extensions/extension-editing/dist/extension
[2018-12-20 08:20:28.263] [exthost] [info] ExtensionService#_doActivateExtension vscode.markdown-language-features {"startup":false,"activationEvent":"onLanguage:markdown"}
[2018-12-20 08:20:28.263] [exthost] [info] ExtensionService#loadCommonJSModule /opt/visual-studio-code/resources/app/extensions/markdown-language-features/dist/extension
[2018-12-20 08:20:28.420] [exthost] [info] ExtensionService#_doActivateExtension shd101wyy.markdown-preview-enhanced {"startup":false,"activationEvent":"onLanguage:markdown"}
[2018-12-20 08:20:28.420] [exthost] [info] ExtensionService#loadCommonJSModule /home/calebe94/.vscode/extensions/shd101wyy.markdown-preview-enhanced-0.3.11/out/src/extension
[2018-12-20 08:20:33.237] [exthost] [info] eager extensions activated
[2018-12-20 08:20:33.276] [exthost] [info] ExtensionService#_doActivateExtension platformio.platformio-ide {"startup":true,"activationEvent":"*"}
[2018-12-20 08:20:33.276] [exthost] [info] ExtensionService#loadCommonJSModule /home/calebe94/.vscode/extensions/platformio.platformio-ide-1.6.0/dist/extension
[2018-12-20 10:45:37.257] [exthost] [info] ExtensionService#_doActivateExtension vscode.configuration-editing {"startup":false,"activationEvent":"onLanguage:json"}
[2018-12-20 10:45:37.257] [exthost] [info] ExtensionService#loadCommonJSModule /opt/visual-studio-code/resources/app/extensions/configuration-editing/dist/extension
[2018-12-20 10:45:37.332] [exthost] [info] ExtensionService#_doActivateExtension vscode.json-language-features {"startup":false,"activationEvent":"onLanguage:json"}
[2018-12-20 10:45:37.332] [exthost] [info] ExtensionService#loadCommonJSModule /opt/visual-studio-code/resources/app/extensions/json-language-features/client/dist/jsonMain
[2018-12-20 10:45:37.482] [exthost] [info] ExtensionService#_doActivateExtension vscode.npm {"startup":false,"activationEvent":"onLanguage:json"}
[2018-12-20 10:45:37.482] [exthost] [info] ExtensionService#loadCommonJSModule /opt/visual-studio-code/resources/app/extensions/npm/dist/main
[2018-12-20 10:45:38.368] [exthost] [info] extension host started
[2018-12-20 10:45:38.417] [exthost] [info] ExtensionService#_doActivateExtension vscode.debug-auto-launch {"startup":true,"activationEvent":"*"}
[2018-12-20 10:45:38.417] [exthost] [info] ExtensionService#loadCommonJSModule /opt/visual-studio-code/resources/app/extensions/debug-auto-launch/dist/extension
[2018-12-20 10:45:38.426] [exthost] [info] ExtensionService#_doActivateExtension vscode.emmet {"startup":true,"activationEvent":"*"}
[2018-12-20 10:45:38.426] [exthost] [info] ExtensionService#loadCommonJSModule /opt/visual-studio-code/resources/app/extensions/emmet/dist/extension
[2018-12-20 10:45:38.456] [exthost] [info] ExtensionService#_doActivateExtension vscode.git {"startup":true,"activationEvent":"*"}
[2018-12-20 10:45:38.456] [exthost] [info] ExtensionService#loadCommonJSModule /opt/visual-studio-code/resources/app/extensions/git/dist/main
[2018-12-20 10:45:38.615] [exthost] [info] ExtensionService#_doActivateExtension vscode.merge-conflict {"startup":true,"activationEvent":"*"}
[2018-12-20 10:45:38.615] [exthost] [info] ExtensionService#loadCommonJSModule /opt/visual-studio-code/resources/app/extensions/merge-conflict/dist/extension
[2018-12-20 10:45:38.623] [exthost] [info] ExtensionService#_doActivateExtension formulahendry.terminal {"startup":true,"activationEvent":"*"}
[2018-12-20 10:45:38.623] [exthost] [info] ExtensionService#loadCommonJSModule /home/calebe94/.vscode/extensions/formulahendry.terminal-0.0.10/out/src/extension
[2018-12-20 10:45:38.643] [exthost] [info] ExtensionService#_doActivateExtension ms-vscode.cpptools {"startup":true,"activationEvent":"*"}
[2018-12-20 10:45:38.643] [exthost] [info] ExtensionService#loadCommonJSModule /home/calebe94/.vscode/extensions/ms-vscode.cpptools-0.20.1/out/src/main
[2018-12-20 10:45:38.811] [exthost] [info] ExtensionService#_doActivateExtension vscode.extension-editing {"startup":false,"activationEvent":"onLanguage:markdown"}
[2018-12-20 10:45:38.811] [exthost] [info] ExtensionService#loadCommonJSModule /opt/visual-studio-code/resources/app/extensions/extension-editing/dist/extension
[2018-12-20 10:45:38.862] [exthost] [info] ExtensionService#_doActivateExtension vscode.markdown-language-features {"startup":false,"activationEvent":"onLanguage:markdown"}
[2018-12-20 10:45:38.862] [exthost] [info] ExtensionService#loadCommonJSModule /opt/visual-studio-code/resources/app/extensions/markdown-language-features/dist/extension
[2018-12-20 10:45:38.964] [exthost] [info] ExtensionService#_doActivateExtension shd101wyy.markdown-preview-enhanced {"startup":false,"activationEvent":"onLanguage:markdown"}
[2018-12-20 10:45:38.964] [exthost] [info] ExtensionService#loadCommonJSModule /home/calebe94/.vscode/extensions/shd101wyy.markdown-preview-enhanced-0.3.11/out/src/extension
[2018-12-20 10:45:40.382] [exthost] [info] ExtensionService#_doActivateExtension vscode.configuration-editing {"startup":false,"activationEvent":"onLanguage:json"}
[2018-12-20 10:45:40.382] [exthost] [info] ExtensionService#loadCommonJSModule /opt/visual-studio-code/resources/app/extensions/configuration-editing/dist/extension
[2018-12-20 10:45:40.394] [exthost] [info] ExtensionService#_doActivateExtension vscode.json-language-features {"startup":false,"activationEvent":"onLanguage:json"}
[2018-12-20 10:45:40.395] [exthost] [info] ExtensionService#loadCommonJSModule /opt/visual-studio-code/resources/app/extensions/json-language-features/client/dist/jsonMain
[2018-12-20 10:45:40.489] [exthost] [info] ExtensionService#_doActivateExtension vscode.npm {"startup":false,"activationEvent":"onLanguage:json"}
[2018-12-20 10:45:40.489] [exthost] [info] ExtensionService#loadCommonJSModule /opt/visual-studio-code/resources/app/extensions/npm/dist/main
[2018-12-20 10:45:41.391] [exthost] [info] extension host started
[2018-12-20 10:45:41.438] [exthost] [info] ExtensionService#_doActivateExtension vscode.debug-auto-launch {"startup":true,"activationEvent":"*"}
[2018-12-20 10:45:41.438] [exthost] [info] ExtensionService#loadCommonJSModule /opt/visual-studio-code/resources/app/extensions/debug-auto-launch/dist/extension
[2018-12-20 10:45:41.447] [exthost] [info] ExtensionService#_doActivateExtension vscode.emmet {"startup":true,"activationEvent":"*"}
[2018-12-20 10:45:41.447] [exthost] [info] ExtensionService#loadCommonJSModule /opt/visual-studio-code/resources/app/extensions/emmet/dist/extension
[2018-12-20 10:45:41.476] [exthost] [info] ExtensionService#_doActivateExtension vscode.git {"startup":true,"activationEvent":"*"}
[2018-12-20 10:45:41.476] [exthost] [info] ExtensionService#loadCommonJSModule /opt/visual-studio-code/resources/app/extensions/git/dist/main
[2018-12-20 10:45:41.678] [exthost] [info] ExtensionService#_doActivateExtension vscode.merge-conflict {"startup":true,"activationEvent":"*"}
[2018-12-20 10:45:41.678] [exthost] [info] ExtensionService#loadCommonJSModule /opt/visual-studio-code/resources/app/extensions/merge-conflict/dist/extension
[2018-12-20 10:45:41.688] [exthost] [info] ExtensionService#_doActivateExtension formulahendry.terminal {"startup":true,"activationEvent":"*"}
[2018-12-20 10:45:41.688] [exthost] [info] ExtensionService#loadCommonJSModule /home/calebe94/.vscode/extensions/formulahendry.terminal-0.0.10/out/src/extension
[2018-12-20 10:45:41.712] [exthost] [info] ExtensionService#_doActivateExtension ms-vscode.cpptools {"startup":true,"activationEvent":"*"}
[2018-12-20 10:45:41.712] [exthost] [info] ExtensionService#loadCommonJSModule /home/calebe94/.vscode/extensions/ms-vscode.cpptools-0.20.1/out/src/main
[2018-12-20 10:45:41.880] [exthost] [info] ExtensionService#_doActivateExtension vscode.extension-editing {"startup":false,"activationEvent":"onLanguage:markdown"}
[2018-12-20 10:45:41.880] [exthost] [info] ExtensionService#loadCommonJSModule /opt/visual-studio-code/resources/app/extensions/extension-editing/dist/extension
[2018-12-20 10:45:41.932] [exthost] [info] ExtensionService#_doActivateExtension vscode.markdown-language-features {"startup":false,"activationEvent":"onLanguage:markdown"}
[2018-12-20 10:45:41.932] [exthost] [info] ExtensionService#loadCommonJSModule /opt/visual-studio-code/resources/app/extensions/markdown-language-features/dist/extension
[2018-12-20 10:45:42.027] [exthost] [info] ExtensionService#_doActivateExtension shd101wyy.markdown-preview-enhanced {"startup":false,"activationEvent":"onLanguage:markdown"}
[2018-12-20 10:45:42.027] [exthost] [info] ExtensionService#loadCommonJSModule /home/calebe94/.vscode/extensions/shd101wyy.markdown-preview-enhanced-0.3.11/out/src/extension
[2018-12-20 10:45:43.320] [exthost] [info] ExtensionService#_doActivateExtension vscode.configuration-editing {"startup":false,"activationEvent":"onLanguage:json"}
[2018-12-20 10:45:43.320] [exthost] [info] ExtensionService#loadCommonJSModule /opt/visual-studio-code/resources/app/extensions/configuration-editing/dist/extension
[2018-12-20 10:45:43.332] [exthost] [info] ExtensionService#_doActivateExtension vscode.json-language-features {"startup":false,"activationEvent":"onLanguage:json"}
[2018-12-20 10:45:43.332] [exthost] [info] ExtensionService#loadCommonJSModule /opt/visual-studio-code/resources/app/extensions/json-language-features/client/dist/jsonMain
[2018-12-20 10:45:43.435] [exthost] [info] ExtensionService#_doActivateExtension vscode.npm {"startup":false,"activationEvent":"onLanguage:json"}
[2018-12-20 10:45:43.435] [exthost] [info] ExtensionService#loadCommonJSModule /opt/visual-studio-code/resources/app/extensions/npm/dist/main
[2018-12-20 10:45:43.658] [exthost] [info] eager extensions activated
[2018-12-20 10:45:43.718] [exthost] [info] ExtensionService#_doActivateExtension platformio.platformio-ide {"startup":true,"activationEvent":"*"}
[2018-12-20 10:45:43.718] [exthost] [info] ExtensionService#loadCommonJSModule /home/calebe94/.vscode/extensions/platformio.platformio-ide-1.6.0/dist/extension
[2018-12-20 10:45:45.074] [exthost] [info] extension host started
[2018-12-20 10:45:45.134] [exthost] [info] ExtensionService#_doActivateExtension vscode.debug-auto-launch {"startup":true,"activationEvent":"*"}
[2018-12-20 10:45:45.134] [exthost] [info] ExtensionService#loadCommonJSModule /opt/visual-studio-code/resources/app/extensions/debug-auto-launch/dist/extension
[2018-12-20 10:45:45.147] [exthost] [info] ExtensionService#_doActivateExtension vscode.emmet {"startup":true,"activationEvent":"*"}
[2018-12-20 10:45:45.147] [exthost] [info] ExtensionService#loadCommonJSModule /opt/visual-studio-code/resources/app/extensions/emmet/dist/extension
[2018-12-20 10:45:45.198] [exthost] [info] ExtensionService#_doActivateExtension vscode.git {"startup":true,"activationEvent":"*"}
[2018-12-20 10:45:45.198] [exthost] [info] ExtensionService#loadCommonJSModule /opt/visual-studio-code/resources/app/extensions/git/dist/main
[2018-12-20 10:45:45.488] [exthost] [info] ExtensionService#_doActivateExtension vscode.merge-conflict {"startup":true,"activationEvent":"*"}
[2018-12-20 10:45:45.488] [exthost] [info] ExtensionService#loadCommonJSModule /opt/visual-studio-code/resources/app/extensions/merge-conflict/dist/extension
[2018-12-20 10:45:45.503] [exthost] [info] ExtensionService#_doActivateExtension formulahendry.terminal {"startup":true,"activationEvent":"*"}
[2018-12-20 10:45:45.503] [exthost] [info] ExtensionService#loadCommonJSModule /home/calebe94/.vscode/extensions/formulahendry.terminal-0.0.10/out/src/extension
[2018-12-20 10:45:45.540] [exthost] [info] ExtensionService#_doActivateExtension ms-vscode.cpptools {"startup":true,"activationEvent":"*"}
[2018-12-20 10:45:45.540] [exthost] [info] ExtensionService#loadCommonJSModule /home/calebe94/.vscode/extensions/ms-vscode.cpptools-0.20.1/out/src/main
[2018-12-20 10:45:45.713] [exthost] [info] eager extensions activated
[2018-12-20 10:45:45.713] [exthost] [info] ExtensionService#_doActivateExtension vscode.extension-editing {"startup":false,"activationEvent":"onLanguage:markdown"}
[2018-12-20 10:45:45.713] [exthost] [info] ExtensionService#loadCommonJSModule /opt/visual-studio-code/resources/app/extensions/extension-editing/dist/extension
[2018-12-20 10:45:45.771] [exthost] [info] ExtensionService#_doActivateExtension vscode.markdown-language-features {"startup":false,"activationEvent":"onLanguage:markdown"}
[2018-12-20 10:45:45.771] [exthost] [info] ExtensionService#loadCommonJSModule /opt/visual-studio-code/resources/app/extensions/markdown-language-features/dist/extension
[2018-12-20 10:45:45.881] [exthost] [info] ExtensionService#_doActivateExtension shd101wyy.markdown-preview-enhanced {"startup":false,"activationEvent":"onLanguage:markdown"}
[2018-12-20 10:45:45.881] [exthost] [info] ExtensionService#loadCommonJSModule /home/calebe94/.vscode/extensions/shd101wyy.markdown-preview-enhanced-0.3.11/out/src/extension
[2018-12-20 10:45:47.278] [exthost] [info] ExtensionService#_doActivateExtension vscode.configuration-editing {"startup":false,"activationEvent":"onLanguage:json"}
[2018-12-20 10:45:47.278] [exthost] [info] ExtensionService#loadCommonJSModule /opt/visual-studio-code/resources/app/extensions/configuration-editing/dist/extension
[2018-12-20 10:45:47.289] [exthost] [info] ExtensionService#_doActivateExtension vscode.json-language-features {"startup":false,"activationEvent":"onLanguage:json"}
[2018-12-20 10:45:47.289] [exthost] [info] ExtensionService#loadCommonJSModule /opt/visual-studio-code/resources/app/extensions/json-language-features/client/dist/jsonMain
[2018-12-20 10:45:47.378] [exthost] [info] ExtensionService#_doActivateExtension vscode.npm {"startup":false,"activationEvent":"onLanguage:json"}
[2018-12-20 10:45:47.378] [exthost] [info] ExtensionService#loadCommonJSModule /opt/visual-studio-code/resources/app/extensions/npm/dist/main
[2018-12-20 10:45:47.644] [exthost] [info] ExtensionService#_doActivateExtension platformio.platformio-ide {"startup":true,"activationEvent":"*"}
[2018-12-20 10:45:47.644] [exthost] [info] ExtensionService#loadCommonJSModule /home/calebe94/.vscode/extensions/platformio.platformio-ide-1.6.0/dist/extension
[2018-12-20 10:46:08.001] [exthost] [info] extension host started
[2018-12-20 10:46:08.049] [exthost] [info] ExtensionService#_doActivateExtension vscode.debug-auto-launch {"startup":true,"activationEvent":"*"}
[2018-12-20 10:46:08.049] [exthost] [info] ExtensionService#loadCommonJSModule /opt/visual-studio-code/resources/app/extensions/debug-auto-launch/dist/extension
[2018-12-20 10:46:08.057] [exthost] [info] ExtensionService#_doActivateExtension vscode.emmet {"startup":true,"activationEvent":"*"}
[2018-12-20 10:46:08.057] [exthost] [info] ExtensionService#loadCommonJSModule /opt/visual-studio-code/resources/app/extensions/emmet/dist/extension
[2018-12-20 10:46:08.109] [exthost] [info] ExtensionService#_doActivateExtension vscode.git {"startup":true,"activationEvent":"*"}
[2018-12-20 10:46:08.109] [exthost] [info] ExtensionService#loadCommonJSModule /opt/visual-studio-code/resources/app/extensions/git/dist/main
[2018-12-20 10:46:08.293] [exthost] [info] ExtensionService#_doActivateExtension vscode.merge-conflict {"startup":true,"activationEvent":"*"}
[2018-12-20 10:46:08.293] [exthost] [info] ExtensionService#loadCommonJSModule /opt/visual-studio-code/resources/app/extensions/merge-conflict/dist/extension
[2018-12-20 10:46:08.303] [exthost] [info] ExtensionService#_doActivateExtension formulahendry.terminal {"startup":true,"activationEvent":"*"}
[2018-12-20 10:46:08.303] [exthost] [info] ExtensionService#loadCommonJSModule /home/calebe94/.vscode/extensions/formulahendry.terminal-0.0.10/out/src/extension
[2018-12-20 10:46:08.332] [exthost] [info] ExtensionService#_doActivateExtension ms-vscode.cpptools {"startup":true,"activationEvent":"*"}
[2018-12-20 10:46:08.332] [exthost] [info] ExtensionService#loadCommonJSModule /home/calebe94/.vscode/extensions/ms-vscode.cpptools-0.20.1/out/src/main
[2018-12-20 10:46:08.522] [exthost] [info] ExtensionService#_doActivateExtension vscode.extension-editing {"startup":false,"activationEvent":"onLanguage:markdown"}
[2018-12-20 10:46:08.522] [exthost] [info] ExtensionService#loadCommonJSModule /opt/visual-studio-code/resources/app/extensions/extension-editing/dist/extension
[2018-12-20 10:46:08.585] [exthost] [info] ExtensionService#_doActivateExtension vscode.markdown-language-features {"startup":false,"activationEvent":"onLanguage:markdown"}
[2018-12-20 10:46:08.585] [exthost] [info] ExtensionService#loadCommonJSModule /opt/visual-studio-code/resources/app/extensions/markdown-language-features/dist/extension
[2018-12-20 10:46:08.709] [exthost] [info] ExtensionService#_doActivateExtension shd101wyy.markdown-preview-enhanced {"startup":false,"activationEvent":"onLanguage:markdown"}
[2018-12-20 10:46:08.709] [exthost] [info] ExtensionService#loadCommonJSModule /home/calebe94/.vscode/extensions/shd101wyy.markdown-preview-enhanced-0.3.11/out/src/extension
[2018-12-20 10:46:10.024] [exthost] [info] ExtensionService#_doActivateExtension vscode.configuration-editing {"startup":false,"activationEvent":"onLanguage:json"}
[2018-12-20 10:46:10.024] [exthost] [info] ExtensionService#loadCommonJSModule /opt/visual-studio-code/resources/app/extensions/configuration-editing/dist/extension
[2018-12-20 10:46:10.036] [exthost] [info] ExtensionService#_doActivateExtension vscode.json-language-features {"startup":false,"activationEvent":"onLanguage:json"}
[2018-12-20 10:46:10.036] [exthost] [info] ExtensionService#loadCommonJSModule /opt/visual-studio-code/resources/app/extensions/json-language-features/client/dist/jsonMain
[2018-12-20 10:46:10.147] [exthost] [info] ExtensionService#_doActivateExtension vscode.npm {"startup":false,"activationEvent":"onLanguage:json"}
[2018-12-20 10:46:10.147] [exthost] [info] ExtensionService#loadCommonJSModule /opt/visual-studio-code/resources/app/extensions/npm/dist/main
[2018-12-20 10:46:10.175] [exthost] [info] eager extensions activated
[2018-12-20 10:46:10.545] [exthost] [info] ExtensionService#_doActivateExtension platformio.platformio-ide {"startup":true,"activationEvent":"*"}
[2018-12-20 10:46:10.545] [exthost] [info] ExtensionService#loadCommonJSModule /home/calebe94/.vscode/extensions/platformio.platformio-ide-1.6.0/dist/extension
