[2018-12-17 08:26:23.875] [sharedprocess] [info] main {"machineId":"0b53fe3d36686d47df281fc9191c0411dc07b6365bf553a3a2db317f55dd76b3"}
[2018-12-17 08:26:24.430] [sharedprocess] [info] Scanned user extensions: 6
[2018-12-17 08:26:27.222] [sharedprocess] [info] Deleted from disk ms-python.python-2018.11.0
[2018-12-17 08:26:27.238] [sharedprocess] [info] Scanned system extensions: 71
[2018-12-17 08:26:31.413] [sharedprocess] [info] Scanned user extensions: 6
[2018-12-17 08:26:31.448] [sharedprocess] [info] Scanned system extensions: 71
[2018-12-17 08:26:35.167] [sharedprocess] [info] Scanned user extensions: 6
[2018-12-17 08:26:36.095] [sharedprocess] [info] Scanned user extensions: 6
[2018-12-17 08:26:37.145] [sharedprocess] [info] Installing extension: python
[2018-12-17 08:26:37.155] [sharedprocess] [info] Scanned user extensions: 6
[2018-12-17 08:26:38.677] [sharedprocess] [info] Downloaded extension: python /tmp/245eb247-3d36-4bd0-935e-8edf658bdc4c
[2018-12-17 08:26:40.206] [sharedprocess] [info] Extracted extension to /home/calebe94/.vscode/extensions/.ms-python.python-2018.12.1: ms-python.python-2018.12.1
[2018-12-17 08:26:40.207] [sharedprocess] [info] Renamed to /home/calebe94/.vscode/extensions/ms-python.python-2018.12.1
[2018-12-17 08:26:40.207] [sharedprocess] [info] Installation completed. ms-python.python-2018.12.1
[2018-12-17 08:26:40.368] [sharedprocess] [info] Extensions installed successfully: ms-python.python
[2018-12-17 08:27:03.881] [sharedprocess] [info] Starting to clean up unused language packs.
[2018-12-17 08:31:36.134] [sharedprocess] [info] Scanned user extensions: 6
[2018-12-17 08:36:36.171] [sharedprocess] [info] Scanned user extensions: 6
[2018-12-17 08:41:36.203] [sharedprocess] [info] Scanned user extensions: 6
[2018-12-17 08:46:36.242] [sharedprocess] [info] Scanned user extensions: 6
[2018-12-17 08:51:36.279] [sharedprocess] [info] Scanned user extensions: 6
[2018-12-17 08:56:36.314] [sharedprocess] [info] Scanned user extensions: 6
[2018-12-17 09:01:36.350] [sharedprocess] [info] Scanned user extensions: 6
[2018-12-17 09:06:36.385] [sharedprocess] [info] Scanned user extensions: 6
[2018-12-17 09:11:36.420] [sharedprocess] [info] Scanned user extensions: 6
[2018-12-17 09:16:36.458] [sharedprocess] [info] Scanned user extensions: 6
[2018-12-17 09:21:36.494] [sharedprocess] [info] Scanned user extensions: 6
[2018-12-17 09:26:36.702] [sharedprocess] [info] Scanned user extensions: 6
[2018-12-17 09:31:36.732] [sharedprocess] [info] Scanned user extensions: 6
[2018-12-17 09:36:36.769] [sharedprocess] [info] Scanned user extensions: 6
[2018-12-17 09:41:36.806] [sharedprocess] [info] Scanned user extensions: 6
[2018-12-17 09:46:36.841] [sharedprocess] [info] Scanned user extensions: 6
[2018-12-17 09:51:36.878] [sharedprocess] [info] Scanned user extensions: 6
[2018-12-17 09:56:36.915] [sharedprocess] [info] Scanned user extensions: 6
[2018-12-17 10:01:36.944] [sharedprocess] [info] Scanned user extensions: 6
[2018-12-17 10:06:36.979] [sharedprocess] [info] Scanned user extensions: 6
[2018-12-17 10:11:37.016] [sharedprocess] [info] Scanned user extensions: 6
[2018-12-17 10:16:37.052] [sharedprocess] [info] Scanned user extensions: 6
[2018-12-17 10:20:54.922] [sharedprocess] [info] Scanned user extensions: 6
[2018-12-17 10:20:54.988] [sharedprocess] [info] Scanned system extensions: 71
[2018-12-17 10:21:37.091] [sharedprocess] [info] Scanned user extensions: 6
[2018-12-17 10:26:37.305] [sharedprocess] [info] Scanned user extensions: 6
[2018-12-17 10:31:37.333] [sharedprocess] [info] Scanned user extensions: 6
[2018-12-17 10:36:37.359] [sharedprocess] [info] Scanned user extensions: 6
[2018-12-17 10:41:37.393] [sharedprocess] [info] Scanned user extensions: 6
[2018-12-17 10:46:37.466] [sharedprocess] [info] Scanned user extensions: 6
[2018-12-17 10:51:37.532] [sharedprocess] [info] Scanned user extensions: 6
[2018-12-17 10:56:37.568] [sharedprocess] [info] Scanned user extensions: 6
[2018-12-17 11:01:37.609] [sharedprocess] [info] Scanned user extensions: 6
[2018-12-17 11:06:37.642] [sharedprocess] [info] Scanned user extensions: 6
[2018-12-17 11:11:37.673] [sharedprocess] [info] Scanned user extensions: 6
[2018-12-17 11:16:37.705] [sharedprocess] [info] Scanned user extensions: 6
[2018-12-17 11:21:37.738] [sharedprocess] [info] Scanned user extensions: 6
[2018-12-17 11:26:37.953] [sharedprocess] [info] Scanned user extensions: 6
[2018-12-17 11:31:37.992] [sharedprocess] [info] Scanned user extensions: 6
[2018-12-17 11:34:46.743] [sharedprocess] [info] Scanned user extensions: 6
[2018-12-17 11:34:46.796] [sharedprocess] [info] Scanned system extensions: 71
[2018-12-17 11:36:38.033] [sharedprocess] [info] Scanned user extensions: 6
[2018-12-17 11:41:38.073] [sharedprocess] [info] Scanned user extensions: 6
[2018-12-17 11:42:37.556] [sharedprocess] [info] Scanned user extensions: 6
[2018-12-17 11:42:37.632] [sharedprocess] [info] Scanned system extensions: 71
[2018-12-17 11:46:38.108] [sharedprocess] [info] Scanned user extensions: 6
[2018-12-17 11:51:38.146] [sharedprocess] [info] Scanned user extensions: 6
[2018-12-17 11:56:38.185] [sharedprocess] [info] Scanned user extensions: 6
[2018-12-17 12:01:38.223] [sharedprocess] [info] Scanned user extensions: 6
[2018-12-17 12:03:28.074] [sharedprocess] [info] Scanned user extensions: 6
[2018-12-17 12:03:28.099] [sharedprocess] [info] Scanned user extensions: 6
[2018-12-17 12:03:28.128] [sharedprocess] [info] Scanned user extensions: 6
[2018-12-17 12:03:28.382] [sharedprocess] [info] Scanned system extensions: 71
[2018-12-17 12:03:28.392] [sharedprocess] [info] Scanned system extensions: 71
[2018-12-17 12:03:28.419] [sharedprocess] [info] Scanned system extensions: 71
[2018-12-17 12:03:28.648] [sharedprocess] [info] Scanned user extensions: 6
[2018-12-17 12:06:38.261] [sharedprocess] [info] Scanned user extensions: 6
[2018-12-17 12:34:58.471] [sharedprocess] [info] Scanned user extensions: 6
[2018-12-17 12:39:58.507] [sharedprocess] [info] Scanned user extensions: 6
[2018-12-17 12:44:58.545] [sharedprocess] [info] Scanned user extensions: 6
[2018-12-17 12:49:58.583] [sharedprocess] [info] Scanned user extensions: 6
[2018-12-17 12:54:58.611] [sharedprocess] [info] Scanned user extensions: 6
[2018-12-17 12:59:58.647] [sharedprocess] [info] Scanned user extensions: 6
[2018-12-17 13:04:58.677] [sharedprocess] [info] Scanned user extensions: 6
[2018-12-17 13:09:58.706] [sharedprocess] [info] Scanned user extensions: 6
[2018-12-17 13:14:01.530] [sharedprocess] [info] Scanned user extensions: 6
[2018-12-17 13:14:01.614] [sharedprocess] [info] Scanned user extensions: 6
[2018-12-17 13:14:01.624] [sharedprocess] [info] Scanned user extensions: 6
[2018-12-17 13:14:01.634] [sharedprocess] [info] Scanned user extensions: 6
[2018-12-17 13:14:01.748] [sharedprocess] [info] Scanned system extensions: 71
[2018-12-17 13:14:01.754] [sharedprocess] [info] Scanned system extensions: 71
[2018-12-17 13:14:01.760] [sharedprocess] [info] Scanned system extensions: 71
[2018-12-17 13:14:58.748] [sharedprocess] [info] Scanned user extensions: 6
[2018-12-17 13:19:58.781] [sharedprocess] [info] Scanned user extensions: 6
[2018-12-17 13:24:58.818] [sharedprocess] [info] Scanned user extensions: 6
[2018-12-17 13:29:58.853] [sharedprocess] [info] Scanned user extensions: 6
[2018-12-17 13:34:59.092] [sharedprocess] [info] Scanned user extensions: 6
[2018-12-17 13:39:59.127] [sharedprocess] [info] Scanned user extensions: 6
[2018-12-17 13:44:59.162] [sharedprocess] [info] Scanned user extensions: 6
[2018-12-17 13:49:59.193] [sharedprocess] [info] Scanned user extensions: 6
[2018-12-17 13:54:59.230] [sharedprocess] [info] Scanned user extensions: 6
[2018-12-17 13:59:59.270] [sharedprocess] [info] Scanned user extensions: 6
[2018-12-17 14:04:59.307] [sharedprocess] [info] Scanned user extensions: 6
[2018-12-17 14:09:59.345] [sharedprocess] [info] Scanned user extensions: 6
[2018-12-17 14:14:59.378] [sharedprocess] [info] Scanned user extensions: 6
[2018-12-17 14:19:59.423] [sharedprocess] [info] Scanned user extensions: 6
[2018-12-17 14:24:59.455] [sharedprocess] [info] Scanned user extensions: 6
[2018-12-17 14:29:59.491] [sharedprocess] [info] Scanned user extensions: 6
[2018-12-17 14:34:59.930] [sharedprocess] [info] Scanned user extensions: 6
[2018-12-17 14:39:59.967] [sharedprocess] [info] Scanned user extensions: 6
[2018-12-17 14:45:00.003] [sharedprocess] [info] Scanned user extensions: 6
[2018-12-17 14:50:00.036] [sharedprocess] [info] Scanned user extensions: 6
[2018-12-17 14:55:00.070] [sharedprocess] [info] Scanned user extensions: 6
[2018-12-17 15:00:00.106] [sharedprocess] [info] Scanned user extensions: 6
[2018-12-17 15:05:00.143] [sharedprocess] [info] Scanned user extensions: 6
[2018-12-17 15:10:00.179] [sharedprocess] [info] Scanned user extensions: 6
[2018-12-17 15:15:00.219] [sharedprocess] [info] Scanned user extensions: 6
[2018-12-17 15:20:00.251] [sharedprocess] [info] Scanned user extensions: 6
[2018-12-17 15:25:00.287] [sharedprocess] [info] Scanned user extensions: 6
[2018-12-17 15:30:00.324] [sharedprocess] [info] Scanned user extensions: 6
