[2018-12-17 08:26:32.758] [exthost] [info] extension host started
[2018-12-17 08:26:32.801] [exthost] [info] ExtensionService#_doActivateExtension vscode.debug-auto-launch {"startup":true,"activationEvent":"*"}
[2018-12-17 08:26:32.801] [exthost] [info] ExtensionService#loadCommonJSModule /opt/visual-studio-code/resources/app/extensions/debug-auto-launch/dist/extension
[2018-12-17 08:26:32.961] [exthost] [info] ExtensionService#_doActivateExtension vscode.emmet {"startup":true,"activationEvent":"*"}
[2018-12-17 08:26:32.961] [exthost] [info] ExtensionService#loadCommonJSModule /opt/visual-studio-code/resources/app/extensions/emmet/dist/extension
[2018-12-17 08:26:33.004] [exthost] [info] ExtensionService#_doActivateExtension vscode.git {"startup":true,"activationEvent":"*"}
[2018-12-17 08:26:33.004] [exthost] [info] ExtensionService#loadCommonJSModule /opt/visual-studio-code/resources/app/extensions/git/dist/main
[2018-12-17 08:26:35.142] [exthost] [info] ExtensionService#_doActivateExtension vscode.merge-conflict {"startup":true,"activationEvent":"*"}
[2018-12-17 08:26:35.142] [exthost] [info] ExtensionService#loadCommonJSModule /opt/visual-studio-code/resources/app/extensions/merge-conflict/dist/extension
[2018-12-17 08:26:35.216] [exthost] [info] ExtensionService#_doActivateExtension formulahendry.terminal {"startup":true,"activationEvent":"*"}
[2018-12-17 08:26:35.216] [exthost] [info] ExtensionService#loadCommonJSModule /home/calebe94/.vscode/extensions/formulahendry.terminal-0.0.10/out/src/extension
[2018-12-17 08:26:35.297] [exthost] [info] ExtensionService#_doActivateExtension ms-vscode.cpptools {"startup":true,"activationEvent":"*"}
[2018-12-17 08:26:35.297] [exthost] [info] ExtensionService#loadCommonJSModule /home/calebe94/.vscode/extensions/ms-vscode.cpptools-0.20.1/out/src/main
[2018-12-17 08:26:37.741] [exthost] [info] ExtensionService#_doActivateExtension vscode.extension-editing {"startup":false,"activationEvent":"onLanguage:markdown"}
[2018-12-17 08:26:37.741] [exthost] [info] ExtensionService#loadCommonJSModule /opt/visual-studio-code/resources/app/extensions/extension-editing/dist/extension
[2018-12-17 08:26:37.937] [exthost] [info] ExtensionService#_doActivateExtension vscode.markdown-language-features {"startup":false,"activationEvent":"onLanguage:markdown"}
[2018-12-17 08:26:37.937] [exthost] [info] ExtensionService#loadCommonJSModule /opt/visual-studio-code/resources/app/extensions/markdown-language-features/dist/extension
[2018-12-17 08:26:38.180] [exthost] [info] ExtensionService#_doActivateExtension shd101wyy.markdown-preview-enhanced {"startup":false,"activationEvent":"onLanguage:markdown"}
[2018-12-17 08:26:38.180] [exthost] [info] ExtensionService#loadCommonJSModule /home/calebe94/.vscode/extensions/shd101wyy.markdown-preview-enhanced-0.3.11/out/src/extension
[2018-12-17 08:26:44.553] [exthost] [info] eager extensions activated
[2018-12-17 08:26:44.745] [exthost] [info] ExtensionService#_doActivateExtension platformio.platformio-ide {"startup":true,"activationEvent":"*"}
[2018-12-17 08:26:44.745] [exthost] [info] ExtensionService#loadCommonJSModule /home/calebe94/.vscode/extensions/platformio.platformio-ide-1.6.0/dist/extension
[2018-12-17 11:32:20.780] [exthost] [info] ExtensionService#_doActivateExtension vscode.grunt {"startup":false,"activationEvent":"onCommand:workbench.action.tasks.runTask"}
[2018-12-17 11:32:20.780] [exthost] [info] ExtensionService#loadCommonJSModule /opt/visual-studio-code/resources/app/extensions/grunt/dist/main
[2018-12-17 11:32:20.819] [exthost] [info] ExtensionService#_doActivateExtension vscode.gulp {"startup":false,"activationEvent":"onCommand:workbench.action.tasks.runTask"}
[2018-12-17 11:32:20.819] [exthost] [info] ExtensionService#loadCommonJSModule /opt/visual-studio-code/resources/app/extensions/gulp/dist/main
[2018-12-17 11:32:20.854] [exthost] [info] ExtensionService#_doActivateExtension vscode.jake {"startup":false,"activationEvent":"onCommand:workbench.action.tasks.runTask"}
[2018-12-17 11:32:20.854] [exthost] [info] ExtensionService#loadCommonJSModule /opt/visual-studio-code/resources/app/extensions/jake/dist/main
[2018-12-17 11:32:20.890] [exthost] [info] ExtensionService#_doActivateExtension vscode.npm {"startup":false,"activationEvent":"onCommand:workbench.action.tasks.runTask"}
[2018-12-17 11:32:20.890] [exthost] [info] ExtensionService#loadCommonJSModule /opt/visual-studio-code/resources/app/extensions/npm/dist/main
[2018-12-17 11:32:20.954] [exthost] [info] ExtensionService#_doActivateExtension vscode.typescript-language-features {"startup":false,"activationEvent":"onCommand:workbench.action.tasks.runTask"}
[2018-12-17 11:32:20.954] [exthost] [info] ExtensionService#loadCommonJSModule /opt/visual-studio-code/resources/app/extensions/typescript-language-features/dist/extension
[2018-12-17 13:05:17.065] [exthost] [info] ExtensionService#_doActivateExtension vscode.configuration-editing {"startup":false,"activationEvent":"onLanguage:jsonc"}
[2018-12-17 13:05:17.065] [exthost] [info] ExtensionService#loadCommonJSModule /opt/visual-studio-code/resources/app/extensions/configuration-editing/dist/extension
[2018-12-17 13:05:17.148] [exthost] [info] ExtensionService#_doActivateExtension vscode.json-language-features {"startup":false,"activationEvent":"onLanguage:jsonc"}
[2018-12-17 13:05:17.148] [exthost] [info] ExtensionService#loadCommonJSModule /opt/visual-studio-code/resources/app/extensions/json-language-features/client/dist/jsonMain
